[Tue, 01 Sep 15 10:53:47 +0800][DEBUG] 
发送时间：2015-09-01 10:53:44
发件人：lookingatsky@126.com
收件人：zhonghaolin@zhwbchina.com
标题：请验证您的邮箱（自：中合万邦——费控系统）
内容：亲爱的zhonghaolin@zhwbchina.com： 
欢迎您来到中合万邦费控系统！ 
请马上点击以下链接完成注册 
http://test2.com/register/verifyemail/ccf4417d0f532c2079bd4ae4bd1a28e6
(如果该链接无法点击，请将它完成复制并粘贴至浏览器的地址栏中访问)


这是一封系统自动发出的邮件，请不要直接回复。
如有疑问可发送邮件至tech@zhwbchina.com。

中合万邦
http://www.zhwbchina.com

[Tue, 01 Sep 15 14:09:42 +0800][DEBUG] 
发送时间：2015-09-01 14:09:39
发件人：lookingatsky@126.com
收件人：zhonghaolin@zhwbchina.com
标题：请验证您的邮箱（自：中合万邦——费控系统）
内容：亲爱的zhonghaolin@zhwbchina.com： 
欢迎您来到中合万邦费控系统！ 
请马上点击以下链接完成注册 
http://test2.com/register/verifyemail/1/9c835f866b86e0c6a3f1d2f4a0b798e2
(如果该链接无法点击，请将它完成复制并粘贴至浏览器的地址栏中访问)


这是一封系统自动发出的邮件，请不要直接回复。
如有疑问可发送邮件至tech@zhwbchina.com。

中合万邦
http://www.zhwbchina.com

[Tue, 01 Sep 15 14:43:14 +0800][ERROR] (smtp.126.com:25) CONNECT - 221 Bye

[Tue, 01 Sep 15 14:43:41 +0800][DEBUG] 
发送时间：2015-09-01 14:43:40
发件人：lookingatsky@126.com
收件人：317769643@qq.com
标题：请验证您的邮箱（自：中合万邦——费控系统）
内容：亲爱的317769643@qq.com： 
欢迎您来到中合万邦费控系统！ 
请马上点击以下链接完成注册 
http://test2.com/register/verifyemail/37b40bf44838053dfdc9d8bae35b6f18
(如果该链接无法点击，请将它完成复制并粘贴至浏览器的地址栏中访问)


这是一封系统自动发出的邮件，请不要直接回复。
如有疑问可发送邮件至tech@zhwbchina.com。

中合万邦
http://www.zhwbchina.com

